# JRE version: Java(TM) SE Runtime Environment (8.0_77-b03) (build 1.8.0_77-b03)
# Java VM: Java HotSpot(TM) 64-Bit Server VM (25.77-b03 mixed mode linux-amd64 compressed oops)
Heap:
 PSYoungGen      total 1164800K, used 1332K [0x000000076ab00000, 0x00000007bff00000, 0x00000007c0000000)
  eden space 932864K, 0% used [0x000000076ab00000,0x000000076ab00000,0x00000007a3a00000)
  from space 231936K, 0% used [0x00000007b1c80000,0x00000007b1dcd0a8,0x00000007bff00000)
  to   space 231936K, 0% used [0x00000007a3a00000,0x00000007a3a00000,0x00000007b1c80000)
 ParOldGen       total 495616K, used 495190K [0x00000006c0000000, 0x00000006de400000, 0x000000076ab00000)
  object space 495616K, 99% used [0x00000006c0000000,0x00000006de395ae0,0x00000006de400000)
 Metaspace       used 85354K, capacity 89822K, committed 91520K, reserved 1128448K
  class space    used 10434K, capacity 11312K, committed 11648K, reserved 1048576K
GC Heap History (10 events):
Event: 4579,116 GC heap after
Heap after GC invocations=67 (full 13):
 PSYoungGen      total 1101824K, used 77611K [0x000000076ab00000, 0x00000007bda80000, 0x00000007c0000000)
  eden space 868864K, 0% used [0x000000076ab00000,0x000000076ab00000,0x000000079fb80000)
  from space 232960K, 33% used [0x00000007af700000,0x00000007b42cac28,0x00000007bda80000)
  to   space 245248K, 0% used [0x000000079fb80000,0x000000079fb80000,0x00000007aeb00000)
 ParOldGen       total 495616K, used 294766K [0x00000006c0000000, 0x00000006de400000, 0x000000076ab00000)
  object space 495616K, 59% used [0x00000006c0000000,0x00000006d1fdb9a0,0x00000006de400000)
 Metaspace       used 85286K, capacity 89728K, committed 91008K, reserved 1128448K
  class space    used 10431K, capacity 11307K, committed 11648K, reserved 1048576K
}
Event: 4585,211 GC heap before
{Heap before GC invocations=68 (full 13):
 PSYoungGen      total 1101824K, used 946475K [0x000000076ab00000, 0x00000007bda80000, 0x00000007c0000000)
  eden space 868864K, 100% used [0x000000076ab00000,0x000000079fb80000,0x000000079fb80000)
  from space 232960K, 33% used [0x00000007af700000,0x00000007b42cac28,0x00000007bda80000)
  to   space 245248K, 0% used [0x000000079fb80000,0x000000079fb80000,0x00000007aeb00000)
 ParOldGen       total 495616K, used 294766K [0x00000006c0000000, 0x00000006de400000, 0x000000076ab00000)
  object space 495616K, 59% used [0x00000006c0000000,0x00000006d1fdb9a0,0x00000006de400000)
 Metaspace       used 85335K, capacity 89816K, committed 91264K, reserved 1128448K
  class space    used 10434K, capacity 11311K, committed 11648K, reserved 1048576K
Event: 4586,746 GC heap after
Heap after GC invocations=68 (full 13):
 PSYoungGen      total 1114112K, used 24672K [0x000000076ab00000, 0x00000007bff00000, 0x00000007c0000000)
  eden space 868864K, 0% used [0x000000076ab00000,0x000000076ab00000,0x000000079fb80000)
  from space 245248K, 10% used [0x000000079fb80000,0x00000007a13982a8,0x00000007aeb00000)
  to   space 238592K, 0% used [0x00000007b1600000,0x00000007b1600000,0x00000007bff00000)
 ParOldGen       total 495616K, used 366441K [0x00000006c0000000, 0x00000006de400000, 0x000000076ab00000)
  object space 495616K, 73% used [0x00000006c0000000,0x00000006d65da548,0x00000006de400000)
 Metaspace       used 85335K, capacity 89816K, committed 91264K, reserved 1128448K
  class space    used 10434K, capacity 11311K, committed 11648K, reserved 1048576K
}
Event: 4590,417 GC heap before
{Heap before GC invocations=69 (full 13):
 PSYoungGen      total 1114112K, used 893536K [0x000000076ab00000, 0x00000007bff00000, 0x00000007c0000000)
  eden space 868864K, 100% used [0x000000076ab00000,0x000000079fb80000,0x000000079fb80000)
  from space 245248K, 10% used [0x000000079fb80000,0x00000007a13982a8,0x00000007aeb00000)
  to   space 238592K, 0% used [0x00000007b1600000,0x00000007b1600000,0x00000007bff00000)
 ParOldGen       total 495616K, used 366441K [0x00000006c0000000, 0x00000006de400000, 0x000000076ab00000)
  object space 495616K, 73% used [0x00000006c0000000,0x00000006d65da548,0x00000006de400000)
 Metaspace       used 85738K, capacity 90262K, committed 91520K, reserved 1128448K
  class space    used 10462K, capacity 11352K, committed 11648K, reserved 1048576K
Event: 4590,944 GC heap after
Heap after GC invocations=69 (full 13):
 PSYoungGen      total 1133568K, used 102409K [0x000000076ab00000, 0x00000007bec80000, 0x00000007c0000000)
  eden space 913920K, 0% used [0x000000076ab00000,0x000000076ab00000,0x00000007a2780000)
  from space 219648K, 46% used [0x00000007b1600000,0x00000007b7a02518,0x00000007bec80000)
  to   space 231936K, 0% used [0x00000007a2780000,0x00000007a2780000,0x00000007b0a00000)
 ParOldGen       total 495616K, used 368837K [0x00000006c0000000, 0x00000006de400000, 0x000000076ab00000)
  object space 495616K, 74% used [0x00000006c0000000,0x00000006d6831588,0x00000006de400000)
 Metaspace       used 85738K, capacity 90262K, committed 91520K, reserved 1128448K
  class space    used 10462K, capacity 11352K, committed 11648K, reserved 1048576K
}
Event: 4592,905 GC heap before
{Heap before GC invocations=70 (full 13):
 PSYoungGen      total 1133568K, used 1016329K [0x000000076ab00000, 0x00000007bec80000, 0x00000007c0000000)
  eden space 913920K, 100% used [0x000000076ab00000,0x00000007a2780000,0x00000007a2780000)
  from space 219648K, 46% used [0x00000007b1600000,0x00000007b7a02518,0x00000007bec80000)
  to   space 231936K, 0% used [0x00000007a2780000,0x00000007a2780000,0x00000007b0a00000)
 ParOldGen       total 495616K, used 368837K [0x00000006c0000000, 0x00000006de400000, 0x000000076ab00000)
  object space 495616K, 74% used [0x00000006c0000000,0x00000006d6831588,0x00000006de400000)
 Metaspace       used 85741K, capacity 90262K, committed 91520K, reserved 1128448K
  class space    used 10462K, capacity 11352K, committed 11648K, reserved 1048576K
Event: 4594,946 GC heap after
Heap after GC invocations=70 (full 13):
 PSYoungGen      total 1145856K, used 123565K [0x000000076ab00000, 0x00000007c0000000, 0x00000007c0000000)
  eden space 913920K, 0% used [0x000000076ab00000,0x000000076ab00000,0x00000007a2780000)
  from space 231936K, 53% used [0x00000007a2780000,0x00000007aa02b758,0x00000007b0a00000)
  to   space 232960K, 0% used [0x00000007b1c80000,0x00000007b1c80000,0x00000007c0000000)
 ParOldGen       total 495616K, used 405166K [0x00000006c0000000, 0x00000006de400000, 0x000000076ab00000)
  object space 495616K, 81% used [0x00000006c0000000,0x00000006d8bab938,0x00000006de400000)
 Metaspace       used 85741K, capacity 90262K, committed 91520K, reserved 1128448K
  class space    used 10462K, capacity 11352K, committed 11648K, reserved 1048576K
}
Event: 4597,385 GC heap before
{Heap before GC invocations=71 (full 13):
 PSYoungGen      total 1145856K, used 1037485K [0x000000076ab00000, 0x00000007c0000000, 0x00000007c0000000)
  eden space 913920K, 100% used [0x000000076ab00000,0x00000007a2780000,0x00000007a2780000)
  from space 231936K, 53% used [0x00000007a2780000,0x00000007aa02b758,0x00000007b0a00000)
  to   space 232960K, 0% used [0x00000007b1c80000,0x00000007b1c80000,0x00000007c0000000)
 ParOldGen       total 495616K, used 405166K [0x00000006c0000000, 0x00000006de400000, 0x000000076ab00000)
  object space 495616K, 81% used [0x00000006c0000000,0x00000006d8bab938,0x00000006de400000)
 Metaspace       used 85743K, capacity 90262K, committed 91520K, reserved 1128448K
  class space    used 10462K, capacity 11352K, committed 11648K, reserved 1048576K
Event: 4597,937 GC heap after
Heap after GC invocations=71 (full 13):
 PSYoungGen      total 1164800K, used 121232K [0x000000076ab00000, 0x00000007bff00000, 0x00000007c0000000)
  eden space 932864K, 0% used [0x000000076ab00000,0x000000076ab00000,0x00000007a3a00000)
  from space 231936K, 52% used [0x00000007b1c80000,0x00000007b92e4200,0x00000007bff00000)
  to   space 231936K, 0% used [0x00000007a3a00000,0x00000007a3a00000,0x00000007b1c80000)
 ParOldGen       total 495616K, used 455729K [0x00000006c0000000, 0x00000006de400000, 0x000000076ab00000)
  object space 495616K, 91% used [0x00000006c0000000,0x00000006dbd0c498,0x00000006de400000)
 Metaspace       used 85743K, capacity 90262K, committed 91520K, reserved 1128448K
  class space    used 10462K, capacity 11352K, committed 11648K, reserved 1048576K
}
Event: 4597,947 GC heap before
{Heap before GC invocations=72 (full 14):
 PSYoungGen      total 1164800K, used 121232K [0x000000076ab00000, 0x00000007bff00000, 0x00000007c0000000)
  eden space 932864K, 0% used [0x000000076ab00000,0x000000076ab00000,0x00000007a3a00000)
  from space 231936K, 52% used [0x00000007b1c80000,0x00000007b92e4200,0x00000007bff00000)
  to   space 231936K, 0% used [0x00000007a3a00000,0x00000007a3a00000,0x00000007b1c80000)
 ParOldGen       total 495616K, used 455729K [0x00000006c0000000, 0x00000006de400000, 0x000000076ab00000)
  object space 495616K, 91% used [0x00000006c0000000,0x00000006dbd0c498,0x00000006de400000)
 Metaspace       used 85743K, capacity 90262K, committed 91520K, reserved 1128448K
  class space    used 10462K, capacity 11352K, committed 11648K, reserved 1048576K

