# JRE version: Java(TM) SE Runtime Environment (8.0_77-b03) (build 1.8.0_77-b03)
# Java VM: Java HotSpot(TM) 64-Bit Server VM (25.77-b03 mixed mode linux-amd64 compressed oops)
Heap:
 PSYoungGen      total 1257984K, used 31902K [0x000000076ab00000, 0x00000007c0000000, 0x00000007c0000000)
  eden space 1119232K, 2% used [0x000000076ab00000,0x000000076ca27920,0x00000007af000000)
  from space 138752K, 0% used [0x00000007b7880000,0x00000007b7880000,0x00000007c0000000)
  to   space 139264K, 0% used [0x00000007af000000,0x00000007af000000,0x00000007b7800000)
 ParOldGen       total 523264K, used 523259K [0x00000006c0000000, 0x00000006dff00000, 0x000000076ab00000)
  object space 523264K, 99% used [0x00000006c0000000,0x00000006dfefee00,0x00000006dff00000)
 Metaspace       used 78260K, capacity 81442K, committed 81536K, reserved 1120256K
  class space    used 9592K, capacity 10277K, committed 10368K, reserved 1048576K
GC Heap History (10 events):
Event: 602,553 GC heap after
Heap after GC invocations=42 (full 10):
 PSYoungGen      total 1112576K, used 90300K [0x000000076ab00000, 0x00000007bf580000, 0x00000007c0000000)
  eden space 987136K, 0% used [0x000000076ab00000,0x000000076ab00000,0x00000007a6f00000)
  from space 125440K, 71% used [0x00000007af180000,0x00000007b49af0e0,0x00000007b6c00000)
  to   space 133632K, 0% used [0x00000007a6f00000,0x00000007a6f00000,0x00000007af180000)
 ParOldGen       total 523264K, used 404441K [0x00000006c0000000, 0x00000006dff00000, 0x000000076ab00000)
  object space 523264K, 77% used [0x00000006c0000000,0x00000006d8af6620,0x00000006dff00000)
 Metaspace       used 74750K, capacity 77396K, committed 77696K, reserved 1118208K
  class space    used 9173K, capacity 9749K, committed 9856K, reserved 1048576K
}
Event: 606,959 GC heap before
{Heap before GC invocations=43 (full 10):
 PSYoungGen      total 1112576K, used 1077436K [0x000000076ab00000, 0x00000007bf580000, 0x00000007c0000000)
  eden space 987136K, 100% used [0x000000076ab00000,0x00000007a6f00000,0x00000007a6f00000)
  from space 125440K, 71% used [0x00000007af180000,0x00000007b49af0e0,0x00000007b6c00000)
  to   space 133632K, 0% used [0x00000007a6f00000,0x00000007a6f00000,0x00000007af180000)
 ParOldGen       total 523264K, used 404441K [0x00000006c0000000, 0x00000006dff00000, 0x000000076ab00000)
  object space 523264K, 77% used [0x00000006c0000000,0x00000006d8af6620,0x00000006dff00000)
 Metaspace       used 74811K, capacity 77460K, committed 77696K, reserved 1118208K
  class space    used 9174K, capacity 9749K, committed 9856K, reserved 1048576K
Event: 607,218 GC heap after
Heap after GC invocations=43 (full 10):
 PSYoungGen      total 1120768K, used 87048K [0x000000076ab00000, 0x00000007c0000000, 0x00000007c0000000)
  eden space 987136K, 0% used [0x000000076ab00000,0x000000076ab00000,0x00000007a6f00000)
  from space 133632K, 65% used [0x00000007a6f00000,0x00000007ac402358,0x00000007af180000)
  to   space 138752K, 0% used [0x00000007b7880000,0x00000007b7880000,0x00000007c0000000)
 ParOldGen       total 523264K, used 404449K [0x00000006c0000000, 0x00000006dff00000, 0x000000076ab00000)
  object space 523264K, 77% used [0x00000006c0000000,0x00000006d8af8620,0x00000006dff00000)
 Metaspace       used 74811K, capacity 77460K, committed 77696K, reserved 1118208K
  class space    used 9174K, capacity 9749K, committed 9856K, reserved 1048576K
}
Event: 607,232 GC heap before
{Heap before GC invocations=44 (full 10):
 PSYoungGen      total 1120768K, used 98199K [0x000000076ab00000, 0x00000007c0000000, 0x00000007c0000000)
  eden space 987136K, 1% used [0x000000076ab00000,0x000000076b5e3bf8,0x00000007a6f00000)
  from space 133632K, 65% used [0x00000007a6f00000,0x00000007ac402358,0x00000007af180000)
  to   space 138752K, 0% used [0x00000007b7880000,0x00000007b7880000,0x00000007c0000000)
 ParOldGen       total 523264K, used 404449K [0x00000006c0000000, 0x00000006dff00000, 0x000000076ab00000)
  object space 523264K, 77% used [0x00000006c0000000,0x00000006d8af8620,0x00000006dff00000)
 Metaspace       used 74812K, capacity 77460K, committed 77696K, reserved 1118208K
  class space    used 9174K, capacity 9749K, committed 9856K, reserved 1048576K
Event: 607,446 GC heap after
Heap after GC invocations=44 (full 10):
 PSYoungGen      total 1257984K, used 1216K [0x000000076ab00000, 0x00000007c0000000, 0x00000007c0000000)
  eden space 1119232K, 0% used [0x000000076ab00000,0x000000076ab00000,0x00000007af000000)
  from space 138752K, 0% used [0x00000007b7880000,0x00000007b79b0030,0x00000007c0000000)
  to   space 139264K, 0% used [0x00000007af000000,0x00000007af000000,0x00000007b7800000)
 ParOldGen       total 523264K, used 473026K [0x00000006c0000000, 0x00000006dff00000, 0x000000076ab00000)
  object space 523264K, 90% used [0x00000006c0000000,0x00000006dcdf0af8,0x00000006dff00000)
 Metaspace       used 74812K, capacity 77460K, committed 77696K, reserved 1118208K
  class space    used 9174K, capacity 9749K, committed 9856K, reserved 1048576K
}
Event: 607,450 GC heap before
{Heap before GC invocations=45 (full 11):
 PSYoungGen      total 1257984K, used 1216K [0x000000076ab00000, 0x00000007c0000000, 0x00000007c0000000)
  eden space 1119232K, 0% used [0x000000076ab00000,0x000000076ab00000,0x00000007af000000)
  from space 138752K, 0% used [0x00000007b7880000,0x00000007b79b0030,0x00000007c0000000)
  to   space 139264K, 0% used [0x00000007af000000,0x00000007af000000,0x00000007b7800000)
 ParOldGen       total 523264K, used 473026K [0x00000006c0000000, 0x00000006dff00000, 0x000000076ab00000)
  object space 523264K, 90% used [0x00000006c0000000,0x00000006dcdf0af8,0x00000006dff00000)
 Metaspace       used 74812K, capacity 77460K, committed 77696K, reserved 1118208K
  class space    used 9174K, capacity 9749K, committed 9856K, reserved 1048576K
Event: 613,038 GC heap after
Heap after GC invocations=45 (full 11):
 PSYoungGen      total 1257984K, used 0K [0x000000076ab00000, 0x00000007c0000000, 0x00000007c0000000)
  eden space 1119232K, 0% used [0x000000076ab00000,0x000000076ab00000,0x00000007af000000)
  from space 138752K, 0% used [0x00000007b7880000,0x00000007b7880000,0x00000007c0000000)
  to   space 139264K, 0% used [0x00000007af000000,0x00000007af000000,0x00000007b7800000)
 ParOldGen       total 523264K, used 457619K [0x00000006c0000000, 0x00000006dff00000, 0x000000076ab00000)
  object space 523264K, 87% used [0x00000006c0000000,0x00000006dbee4c10,0x00000006dff00000)
 Metaspace       used 74812K, capacity 77460K, committed 77696K, reserved 1118208K
  class space    used 9174K, capacity 9749K, committed 9856K, reserved 1048576K
}
Event: 916,361 GC heap before
{Heap before GC invocations=46 (full 12):
 PSYoungGen      total 1257984K, used 325895K [0x000000076ab00000, 0x00000007c0000000, 0x00000007c0000000)
  eden space 1119232K, 29% used [0x000000076ab00000,0x000000077e941cd0,0x00000007af000000)
  from space 138752K, 0% used [0x00000007b7880000,0x00000007b7880000,0x00000007c0000000)
  to   space 139264K, 0% used [0x00000007af000000,0x00000007af000000,0x00000007b7800000)
 ParOldGen       total 523264K, used 457619K [0x00000006c0000000, 0x00000006dff00000, 0x000000076ab00000)
  object space 523264K, 87% used [0x00000006c0000000,0x00000006dbee4c10,0x00000006dff00000)
 Metaspace       used 76252K, capacity 78958K, committed 79104K, reserved 1118208K
  class space    used 9338K, capacity 9951K, committed 9984K, reserved 1048576K
Event: 920,077 GC heap after
Heap after GC invocations=46 (full 12):
 PSYoungGen      total 1257984K, used 0K [0x000000076ab00000, 0x00000007c0000000, 0x00000007c0000000)
  eden space 1119232K, 0% used [0x000000076ab00000,0x000000076ab00000,0x00000007af000000)
  from space 138752K, 0% used [0x00000007b7880000,0x00000007b7880000,0x00000007c0000000)
  to   space 139264K, 0% used [0x00000007af000000,0x00000007af000000,0x00000007b7800000)
 ParOldGen       total 523264K, used 461381K [0x00000006c0000000, 0x00000006dff00000, 0x000000076ab00000)
  object space 523264K, 88% used [0x00000006c0000000,0x00000006dc2914e0,0x00000006dff00000)
 Metaspace       used 76252K, capacity 78958K, committed 79104K, reserved 1118208K
  class space    used 9338K, capacity 9951K, committed 9984K, reserved 1048576K
}
Event: 1001,860 GC heap before
{Heap before GC invocations=47 (full 13):
 PSYoungGen      total 1257984K, used 1119232K [0x000000076ab00000, 0x00000007c0000000, 0x00000007c0000000)
  eden space 1119232K, 100% used [0x000000076ab00000,0x00000007af000000,0x00000007af000000)
  from space 138752K, 0% used [0x00000007b7880000,0x00000007b7880000,0x00000007c0000000)
  to   space 139264K, 0% used [0x00000007af000000,0x00000007af000000,0x00000007b7800000)
 ParOldGen       total 523264K, used 461381K [0x00000006c0000000, 0x00000006dff00000, 0x000000076ab00000)
  object space 523264K, 88% used [0x00000006c0000000,0x00000006dc2914e0,0x00000006dff00000)
 Metaspace       used 78260K, capacity 81442K, committed 81536K, reserved 1120256K
  class space    used 9592K, capacity 10277K, committed 10368K, reserved 1048576K

