# JRE version: Java(TM) SE Runtime Environment (8.0_77-b03) (build 1.8.0_77-b03)
# Java VM: Java HotSpot(TM) 64-Bit Server VM (25.77-b03 mixed mode linux-amd64 compressed oops)
Heap:
 PSYoungGen      total 1186816K, used 675K [0x000000076ab00000, 0x00000007c0000000, 0x00000007c0000000)
  eden space 1009664K, 0% used [0x000000076ab00000,0x000000076ab00000,0x00000007a8500000)
  from space 177152K, 0% used [0x00000007b5300000,0x00000007b53a8f58,0x00000007c0000000)
  to   space 194048K, 0% used [0x00000007a8500000,0x00000007a8500000,0x00000007b4280000)
 ParOldGen       total 620544K, used 620219K [0x00000006c0000000, 0x00000006e5e00000, 0x000000076ab00000)
  object space 620544K, 99% used [0x00000006c0000000,0x00000006e5daede0,0x00000006e5e00000)
 Metaspace       used 74737K, capacity 76626K, committed 78336K, reserved 1118208K
  class space    used 9112K, capacity 9623K, committed 9984K, reserved 1048576K
GC Heap History (10 events):
Event: 6019,245 GC heap after
Heap after GC invocations=45 (full 8):
 PSYoungGen      total 1016320K, used 113176K [0x000000076ab00000, 0x00000007bc080000, 0x00000007c0000000)
  eden space 888320K, 0% used [0x000000076ab00000,0x000000076ab00000,0x00000007a0e80000)
  from space 128000K, 88% used [0x00000007a0e80000,0x00000007a7d06030,0x00000007a8b80000)
  to   space 142336K, 0% used [0x00000007b3580000,0x00000007b3580000,0x00000007bc080000)
 ParOldGen       total 443904K, used 350157K [0x00000006c0000000, 0x00000006db180000, 0x000000076ab00000)
  object space 443904K, 78% used [0x00000006c0000000,0x00000006d55f35d0,0x00000006db180000)
 Metaspace       used 75090K, capacity 77066K, committed 78336K, reserved 1118208K
  class space    used 9140K, capacity 9663K, committed 9984K, reserved 1048576K
}
Event: 6024,564 GC heap before
{Heap before GC invocations=46 (full 8):
 PSYoungGen      total 1016320K, used 1001496K [0x000000076ab00000, 0x00000007bc080000, 0x00000007c0000000)
  eden space 888320K, 100% used [0x000000076ab00000,0x00000007a0e80000,0x00000007a0e80000)
  from space 128000K, 88% used [0x00000007a0e80000,0x00000007a7d06030,0x00000007a8b80000)
  to   space 142336K, 0% used [0x00000007b3580000,0x00000007b3580000,0x00000007bc080000)
 ParOldGen       total 443904K, used 350157K [0x00000006c0000000, 0x00000006db180000, 0x000000076ab00000)
  object space 443904K, 78% used [0x00000006c0000000,0x00000006d55f35d0,0x00000006db180000)
 Metaspace       used 75113K, capacity 77066K, committed 78336K, reserved 1118208K
  class space    used 9140K, capacity 9663K, committed 9984K, reserved 1048576K
Event: 6026,182 GC heap after
Heap after GC invocations=46 (full 8):
 PSYoungGen      total 1175552K, used 122792K [0x000000076ab00000, 0x00000007be700000, 0x00000007c0000000)
  eden space 1033216K, 0% used [0x000000076ab00000,0x000000076ab00000,0x00000007a9c00000)
  from space 142336K, 86% used [0x00000007b3580000,0x00000007bad6a210,0x00000007bc080000)
  to   space 157184K, 0% used [0x00000007a9c00000,0x00000007a9c00000,0x00000007b3580000)
 ParOldGen       total 443904K, used 419725K [0x00000006c0000000, 0x00000006db180000, 0x000000076ab00000)
  object space 443904K, 94% used [0x00000006c0000000,0x00000006d99e3560,0x00000006db180000)
 Metaspace       used 75113K, capacity 77066K, committed 78336K, reserved 1118208K
  class space    used 9140K, capacity 9663K, committed 9984K, reserved 1048576K
}
Event: 6026,190 GC heap before
{Heap before GC invocations=47 (full 9):
 PSYoungGen      total 1175552K, used 122792K [0x000000076ab00000, 0x00000007be700000, 0x00000007c0000000)
  eden space 1033216K, 0% used [0x000000076ab00000,0x000000076ab00000,0x00000007a9c00000)
  from space 142336K, 86% used [0x00000007b3580000,0x00000007bad6a210,0x00000007bc080000)
  to   space 157184K, 0% used [0x00000007a9c00000,0x00000007a9c00000,0x00000007b3580000)
 ParOldGen       total 443904K, used 419725K [0x00000006c0000000, 0x00000006db180000, 0x000000076ab00000)
  object space 443904K, 94% used [0x00000006c0000000,0x00000006d99e3560,0x00000006db180000)
 Metaspace       used 75113K, capacity 77066K, committed 78336K, reserved 1118208K
  class space    used 9140K, capacity 9663K, committed 9984K, reserved 1048576K
Event: 6031,757 GC heap after
Heap after GC invocations=47 (full 9):
 PSYoungGen      total 1175552K, used 0K [0x000000076ab00000, 0x00000007be700000, 0x00000007c0000000)
  eden space 1033216K, 0% used [0x000000076ab00000,0x000000076ab00000,0x00000007a9c00000)
  from space 142336K, 0% used [0x00000007b3580000,0x00000007b3580000,0x00000007bc080000)
  to   space 157184K, 0% used [0x00000007a9c00000,0x00000007a9c00000,0x00000007b3580000)
 ParOldGen       total 620544K, used 428667K [0x00000006c0000000, 0x00000006e5e00000, 0x000000076ab00000)
  object space 620544K, 69% used [0x00000006c0000000,0x00000006da29eef8,0x00000006e5e00000)
 Metaspace       used 74725K, capacity 76626K, committed 78336K, reserved 1118208K
  class space    used 9112K, capacity 9623K, committed 9984K, reserved 1048576K
}
Event: 6039,942 GC heap before
{Heap before GC invocations=48 (full 9):
 PSYoungGen      total 1175552K, used 1033216K [0x000000076ab00000, 0x00000007be700000, 0x00000007c0000000)
  eden space 1033216K, 100% used [0x000000076ab00000,0x00000007a9c00000,0x00000007a9c00000)
  from space 142336K, 0% used [0x00000007b3580000,0x00000007b3580000,0x00000007bc080000)
  to   space 157184K, 0% used [0x00000007a9c00000,0x00000007a9c00000,0x00000007b3580000)
 ParOldGen       total 620544K, used 428667K [0x00000006c0000000, 0x00000006e5e00000, 0x000000076ab00000)
  object space 620544K, 69% used [0x00000006c0000000,0x00000006da29eef8,0x00000006e5e00000)
 Metaspace       used 74731K, capacity 76626K, committed 78336K, reserved 1118208K
  class space    used 9112K, capacity 9623K, committed 9984K, reserved 1048576K
Event: 6040,862 GC heap after
Heap after GC invocations=48 (full 9):
 PSYoungGen      total 1190400K, used 144996K [0x000000076ab00000, 0x00000007c0000000, 0x00000007c0000000)
  eden space 1033216K, 0% used [0x000000076ab00000,0x000000076ab00000,0x00000007a9c00000)
  from space 157184K, 92% used [0x00000007a9c00000,0x00000007b29993a0,0x00000007b3580000)
  to   space 177152K, 0% used [0x00000007b5300000,0x00000007b5300000,0x00000007c0000000)
 ParOldGen       total 620544K, used 428675K [0x00000006c0000000, 0x00000006e5e00000, 0x000000076ab00000)
  object space 620544K, 69% used [0x00000006c0000000,0x00000006da2a0ef8,0x00000006e5e00000)
 Metaspace       used 74731K, capacity 76626K, committed 78336K, reserved 1118208K
  class space    used 9112K, capacity 9623K, committed 9984K, reserved 1048576K
}
Event: 6046,534 GC heap before
{Heap before GC invocations=49 (full 9):
 PSYoungGen      total 1190400K, used 1178212K [0x000000076ab00000, 0x00000007c0000000, 0x00000007c0000000)
  eden space 1033216K, 100% used [0x000000076ab00000,0x00000007a9c00000,0x00000007a9c00000)
  from space 157184K, 92% used [0x00000007a9c00000,0x00000007b29993a0,0x00000007b3580000)
  to   space 177152K, 0% used [0x00000007b5300000,0x00000007b5300000,0x00000007c0000000)
 ParOldGen       total 620544K, used 428675K [0x00000006c0000000, 0x00000006e5e00000, 0x000000076ab00000)
  object space 620544K, 69% used [0x00000006c0000000,0x00000006da2a0ef8,0x00000006e5e00000)
 Metaspace       used 74737K, capacity 76626K, committed 78336K, reserved 1118208K
  class space    used 9112K, capacity 9623K, committed 9984K, reserved 1048576K
Event: 6049,815 GC heap after
Heap after GC invocations=49 (full 9):
 PSYoungGen      total 1186816K, used 146630K [0x000000076ab00000, 0x00000007c0000000, 0x00000007c0000000)
  eden space 1009664K, 0% used [0x000000076ab00000,0x000000076ab00000,0x00000007a8500000)
  from space 177152K, 82% used [0x00000007b5300000,0x00000007be231818,0x00000007c0000000)
  to   space 194048K, 0% used [0x00000007a8500000,0x00000007a8500000,0x00000007b4280000)
 ParOldGen       total 620544K, used 573727K [0x00000006c0000000, 0x00000006e5e00000, 0x000000076ab00000)
  object space 620544K, 92% used [0x00000006c0000000,0x00000006e3047d78,0x00000006e5e00000)
 Metaspace       used 74737K, capacity 76626K, committed 78336K, reserved 1118208K
  class space    used 9112K, capacity 9623K, committed 9984K, reserved 1048576K
}
Event: 6049,817 GC heap before
{Heap before GC invocations=50 (full 10):
 PSYoungGen      total 1186816K, used 146630K [0x000000076ab00000, 0x00000007c0000000, 0x00000007c0000000)
  eden space 1009664K, 0% used [0x000000076ab00000,0x000000076ab00000,0x00000007a8500000)
  from space 177152K, 82% used [0x00000007b5300000,0x00000007be231818,0x00000007c0000000)
  to   space 194048K, 0% used [0x00000007a8500000,0x00000007a8500000,0x00000007b4280000)
 ParOldGen       total 620544K, used 573727K [0x00000006c0000000, 0x00000006e5e00000, 0x000000076ab00000)
  object space 620544K, 92% used [0x00000006c0000000,0x00000006e3047d78,0x00000006e5e00000)
 Metaspace       used 74737K, capacity 76626K, committed 78336K, reserved 1118208K
  class space    used 9112K, capacity 9623K, committed 9984K, reserved 1048576K

