# JRE version: Java(TM) SE Runtime Environment (8.0_77-b03) (build 1.8.0_77-b03)
# Java VM: Java HotSpot(TM) 64-Bit Server VM (25.77-b03 mixed mode linux-amd64 compressed oops)
Heap:
 PSYoungGen      total 1146880K, used 148418K [0x000000076ab00000, 0x00000007c0000000, 0x00000007c0000000)
  eden space 896000K, 16% used [0x000000076ab00000,0x0000000773bf0830,0x00000007a1600000)
  from space 250880K, 0% used [0x00000007a1600000,0x00000007a1600000,0x00000007b0b00000)
  to   space 246784K, 0% used [0x00000007b0f00000,0x00000007b0f00000,0x00000007c0000000)
 ParOldGen       total 656896K, used 656886K [0x00000006c0000000, 0x00000006e8180000, 0x000000076ab00000)
  object space 656896K, 99% used [0x00000006c0000000,0x00000006e817da10,0x00000006e8180000)
 Metaspace       used 90217K, capacity 94130K, committed 94336K, reserved 1132544K
  class space    used 10992K, capacity 11792K, committed 11904K, reserved 1048576K
GC Heap History (10 events):
Event: 3375,974 GC heap after
Heap after GC invocations=79 (full 15):
 PSYoungGen      total 1129472K, used 101708K [0x000000076ab00000, 0x00000007bee00000, 0x00000007c0000000)
  eden space 902144K, 0% used [0x000000076ab00000,0x000000076ab00000,0x00000007a1c00000)
  from space 227328K, 44% used [0x00000007b1000000,0x00000007b7353338,0x00000007bee00000)
  to   space 238592K, 0% used [0x00000007a1c00000,0x00000007a1c00000,0x00000007b0500000)
 ParOldGen       total 656896K, used 627208K [0x00000006c0000000, 0x00000006e8180000, 0x000000076ab00000)
  object space 656896K, 95% used [0x00000006c0000000,0x00000006e6482208,0x00000006e8180000)
 Metaspace       used 88418K, capacity 92196K, committed 92544K, reserved 1130496K
  class space    used 10794K, capacity 11579K, committed 11648K, reserved 1048576K
}
Event: 3381,060 GC heap before
{Heap before GC invocations=80 (full 15):
 PSYoungGen      total 1129472K, used 1003852K [0x000000076ab00000, 0x00000007bee00000, 0x00000007c0000000)
  eden space 902144K, 100% used [0x000000076ab00000,0x00000007a1c00000,0x00000007a1c00000)
  from space 227328K, 44% used [0x00000007b1000000,0x00000007b7353338,0x00000007bee00000)
  to   space 238592K, 0% used [0x00000007a1c00000,0x00000007a1c00000,0x00000007b0500000)
 ParOldGen       total 656896K, used 627208K [0x00000006c0000000, 0x00000006e8180000, 0x000000076ab00000)
  object space 656896K, 95% used [0x00000006c0000000,0x00000006e6482208,0x00000006e8180000)
 Metaspace       used 88424K, capacity 92202K, committed 92544K, reserved 1130496K
  class space    used 10795K, capacity 11580K, committed 11648K, reserved 1048576K
Event: 3382,796 GC heap after
Heap after GC invocations=80 (full 15):
 PSYoungGen      total 1140736K, used 120044K [0x000000076ab00000, 0x00000007bf800000, 0x00000007c0000000)
  eden space 902144K, 0% used [0x000000076ab00000,0x000000076ab00000,0x00000007a1c00000)
  from space 238592K, 50% used [0x00000007a1c00000,0x00000007a913b1c8,0x00000007b0500000)
  to   space 228864K, 0% used [0x00000007b1880000,0x00000007b1880000,0x00000007bf800000)
 ParOldGen       total 656896K, used 627208K [0x00000006c0000000, 0x00000006e8180000, 0x000000076ab00000)
  object space 656896K, 95% used [0x00000006c0000000,0x00000006e6482208,0x00000006e8180000)
 Metaspace       used 88424K, capacity 92202K, committed 92544K, reserved 1130496K
  class space    used 10795K, capacity 11580K, committed 11648K, reserved 1048576K
}
Event: 3385,774 GC heap before
{Heap before GC invocations=81 (full 15):
 PSYoungGen      total 1140736K, used 1022188K [0x000000076ab00000, 0x00000007bf800000, 0x00000007c0000000)
  eden space 902144K, 100% used [0x000000076ab00000,0x00000007a1c00000,0x00000007a1c00000)
  from space 238592K, 50% used [0x00000007a1c00000,0x00000007a913b1c8,0x00000007b0500000)
  to   space 228864K, 0% used [0x00000007b1880000,0x00000007b1880000,0x00000007bf800000)
 ParOldGen       total 656896K, used 627208K [0x00000006c0000000, 0x00000006e8180000, 0x000000076ab00000)
  object space 656896K, 95% used [0x00000006c0000000,0x00000006e6482208,0x00000006e8180000)
 Metaspace       used 88477K, capacity 92292K, committed 92544K, reserved 1130496K
  class space    used 10798K, capacity 11585K, committed 11648K, reserved 1048576K
Event: 3387,023 GC heap after
Heap after GC invocations=81 (full 15):
 PSYoungGen      total 1124864K, used 213063K [0x000000076ab00000, 0x00000007c0000000, 0x00000007c0000000)
  eden space 896000K, 0% used [0x000000076ab00000,0x000000076ab00000,0x00000007a1600000)
  from space 228864K, 93% used [0x00000007b1880000,0x00000007be891c88,0x00000007bf800000)
  to   space 250880K, 0% used [0x00000007a1600000,0x00000007a1600000,0x00000007b0b00000)
 ParOldGen       total 656896K, used 627216K [0x00000006c0000000, 0x00000006e8180000, 0x000000076ab00000)
  object space 656896K, 95% used [0x00000006c0000000,0x00000006e6484208,0x00000006e8180000)
 Metaspace       used 88477K, capacity 92292K, committed 92544K, reserved 1130496K
  class space    used 10798K, capacity 11585K, committed 11648K, reserved 1048576K
}
Event: 3388,410 GC heap before
{Heap before GC invocations=82 (full 15):
 PSYoungGen      total 1124864K, used 741279K [0x000000076ab00000, 0x00000007c0000000, 0x00000007c0000000)
  eden space 896000K, 58% used [0x000000076ab00000,0x000000078aed62a0,0x00000007a1600000)
  from space 228864K, 93% used [0x00000007b1880000,0x00000007be891c88,0x00000007bf800000)
  to   space 250880K, 0% used [0x00000007a1600000,0x00000007a1600000,0x00000007b0b00000)
 ParOldGen       total 656896K, used 627216K [0x00000006c0000000, 0x00000006e8180000, 0x000000076ab00000)
  object space 656896K, 95% used [0x00000006c0000000,0x00000006e6484208,0x00000006e8180000)
 Metaspace       used 88481K, capacity 92292K, committed 92544K, reserved 1130496K
  class space    used 10798K, capacity 11585K, committed 11648K, reserved 1048576K
Event: 3388,516 GC heap after
Heap after GC invocations=82 (full 15):
 PSYoungGen      total 1146880K, used 90851K [0x000000076ab00000, 0x00000007c0000000, 0x00000007c0000000)
  eden space 896000K, 0% used [0x000000076ab00000,0x000000076ab00000,0x00000007a1600000)
  from space 250880K, 36% used [0x00000007a1600000,0x00000007a6eb8d88,0x00000007b0b00000)
  to   space 246784K, 0% used [0x00000007b0f00000,0x00000007b0f00000,0x00000007c0000000)
 ParOldGen       total 656896K, used 627216K [0x00000006c0000000, 0x00000006e8180000, 0x000000076ab00000)
  object space 656896K, 95% used [0x00000006c0000000,0x00000006e6484208,0x00000006e8180000)
 Metaspace       used 88481K, capacity 92292K, committed 92544K, reserved 1130496K
  class space    used 10798K, capacity 11585K, committed 11648K, reserved 1048576K
}
Event: 3388,516 GC heap before
{Heap before GC invocations=83 (full 16):
 PSYoungGen      total 1146880K, used 90851K [0x000000076ab00000, 0x00000007c0000000, 0x00000007c0000000)
  eden space 896000K, 0% used [0x000000076ab00000,0x000000076ab00000,0x00000007a1600000)
  from space 250880K, 36% used [0x00000007a1600000,0x00000007a6eb8d88,0x00000007b0b00000)
  to   space 246784K, 0% used [0x00000007b0f00000,0x00000007b0f00000,0x00000007c0000000)
 ParOldGen       total 656896K, used 627216K [0x00000006c0000000, 0x00000006e8180000, 0x000000076ab00000)
  object space 656896K, 95% used [0x00000006c0000000,0x00000006e6484208,0x00000006e8180000)
 Metaspace       used 88481K, capacity 92292K, committed 92544K, reserved 1130496K
  class space    used 10798K, capacity 11585K, committed 11648K, reserved 1048576K
Event: 3398,490 GC heap after
Heap after GC invocations=83 (full 16):
 PSYoungGen      total 1146880K, used 48924K [0x000000076ab00000, 0x00000007c0000000, 0x00000007c0000000)
  eden space 896000K, 0% used [0x000000076ab00000,0x000000076ab00000,0x00000007a1600000)
  from space 250880K, 19% used [0x00000007a1600000,0x00000007a45c7070,0x00000007b0b00000)
  to   space 246784K, 0% used [0x00000007b0f00000,0x00000007b0f00000,0x00000007c0000000)
 ParOldGen       total 656896K, used 656606K [0x00000006c0000000, 0x00000006e8180000, 0x000000076ab00000)
  object space 656896K, 99% used [0x00000006c0000000,0x00000006e8137970,0x00000006e8180000)
 Metaspace       used 88456K, capacity 92208K, committed 92544K, reserved 1130496K
  class space    used 10795K, capacity 11581K, committed 11648K, reserved 1048576K
}
Event: 4579,128 GC heap before
{Heap before GC invocations=84 (full 17):
 PSYoungGen      total 1146880K, used 944924K [0x000000076ab00000, 0x00000007c0000000, 0x00000007c0000000)
  eden space 896000K, 100% used [0x000000076ab00000,0x00000007a1600000,0x00000007a1600000)
  from space 250880K, 19% used [0x00000007a1600000,0x00000007a45c7070,0x00000007b0b00000)
  to   space 246784K, 0% used [0x00000007b0f00000,0x00000007b0f00000,0x00000007c0000000)
 ParOldGen       total 656896K, used 656606K [0x00000006c0000000, 0x00000006e8180000, 0x000000076ab00000)
  object space 656896K, 99% used [0x00000006c0000000,0x00000006e8137970,0x00000006e8180000)
 Metaspace       used 90217K, capacity 94130K, committed 94336K, reserved 1132544K
  class space    used 10992K, capacity 11792K, committed 11904K, reserved 1048576K

