# JRE version: Java(TM) SE Runtime Environment (8.0_77-b03) (build 1.8.0_77-b03)
# Java VM: Java HotSpot(TM) 64-Bit Server VM (25.77-b03 mixed mode linux-amd64 compressed oops)
Heap:
 PSYoungGen      total 818176K, used 47041K [0x000000076ab00000, 0x00000007a5c80000, 0x00000007c0000000)
  eden space 706048K, 0% used [0x000000076ab00000,0x000000076ab00000,0x0000000795c80000)
  from space 112128K, 41% used [0x000000079d100000,0x000000079fef05e0,0x00000007a3e80000)
  to   space 119296K, 0% used [0x0000000795c80000,0x0000000795c80000,0x000000079d100000)
 ParOldGen       total 369152K, used 368946K [0x00000006c0000000, 0x00000006d6880000, 0x000000076ab00000)
  object space 369152K, 99% used [0x00000006c0000000,0x00000006d684c978,0x00000006d6880000)
 Metaspace       used 71967K, capacity 73746K, committed 73880K, reserved 1114112K
  class space    used 9041K, capacity 9592K, committed 9640K, reserved 1048576K
GC Heap History (10 events):
Event: 50,412 GC heap after
Heap after GC invocations=27 (full 4):
 PSYoungGen      total 587776K, used 64488K [0x000000076ab00000, 0x000000079ba80000, 0x00000007c0000000)
  eden space 523264K, 0% used [0x000000076ab00000,0x000000076ab00000,0x000000078aa00000)
  from space 64512K, 99% used [0x000000078aa00000,0x000000078e8fa2a0,0x000000078e900000)
  to   space 86016K, 0% used [0x0000000796680000,0x0000000796680000,0x000000079ba80000)
 ParOldGen       total 226304K, used 187973K [0x00000006c0000000, 0x00000006cdd00000, 0x000000076ab00000)
  object space 226304K, 83% used [0x00000006c0000000,0x00000006cb7914e0,0x00000006cdd00000)
 Metaspace       used 71819K, capacity 73674K, committed 73880K, reserved 1114112K
  class space    used 9063K, capacity 9632K, committed 9640K, reserved 1048576K
}
Event: 52,328 GC heap before
{Heap before GC invocations=28 (full 4):
 PSYoungGen      total 587776K, used 587752K [0x000000076ab00000, 0x000000079ba80000, 0x00000007c0000000)
  eden space 523264K, 100% used [0x000000076ab00000,0x000000078aa00000,0x000000078aa00000)
  from space 64512K, 99% used [0x000000078aa00000,0x000000078e8fa2a0,0x000000078e900000)
  to   space 86016K, 0% used [0x0000000796680000,0x0000000796680000,0x000000079ba80000)
 ParOldGen       total 226304K, used 187973K [0x00000006c0000000, 0x00000006cdd00000, 0x000000076ab00000)
  object space 226304K, 83% used [0x00000006c0000000,0x00000006cb7914e0,0x00000006cdd00000)
 Metaspace       used 71961K, capacity 73802K, committed 73880K, reserved 1114112K
  class space    used 9068K, capacity 9632K, committed 9640K, reserved 1048576K
Event: 52,655 GC heap after
Heap after GC invocations=28 (full 4):
 PSYoungGen      total 703488K, used 83092K [0x000000076ab00000, 0x000000079e880000, 0x00000007c0000000)
  eden space 617472K, 0% used [0x000000076ab00000,0x000000076ab00000,0x0000000790600000)
  from space 86016K, 96% used [0x0000000796680000,0x000000079b7a5360,0x000000079ba80000)
  to   space 98816K, 0% used [0x0000000790600000,0x0000000790600000,0x0000000796680000)
 ParOldGen       total 235008K, used 234700K [0x00000006c0000000, 0x00000006ce580000, 0x000000076ab00000)
  object space 235008K, 99% used [0x00000006c0000000,0x00000006ce5331d0,0x00000006ce580000)
 Metaspace       used 71961K, capacity 73802K, committed 73880K, reserved 1114112K
  class space    used 9068K, capacity 9632K, committed 9640K, reserved 1048576K
}
Event: 52,655 GC heap before
{Heap before GC invocations=29 (full 5):
 PSYoungGen      total 703488K, used 83092K [0x000000076ab00000, 0x000000079e880000, 0x00000007c0000000)
  eden space 617472K, 0% used [0x000000076ab00000,0x000000076ab00000,0x0000000790600000)
  from space 86016K, 96% used [0x0000000796680000,0x000000079b7a5360,0x000000079ba80000)
  to   space 98816K, 0% used [0x0000000790600000,0x0000000790600000,0x0000000796680000)
 ParOldGen       total 235008K, used 234700K [0x00000006c0000000, 0x00000006ce580000, 0x000000076ab00000)
  object space 235008K, 99% used [0x00000006c0000000,0x00000006ce5331d0,0x00000006ce580000)
 Metaspace       used 71961K, capacity 73802K, committed 73880K, reserved 1114112K
  class space    used 9068K, capacity 9632K, committed 9640K, reserved 1048576K
Event: 55,790 GC heap after
Heap after GC invocations=29 (full 5):
 PSYoungGen      total 703488K, used 66386K [0x000000076ab00000, 0x000000079e880000, 0x00000007c0000000)
  eden space 617472K, 0% used [0x000000076ab00000,0x000000076ab00000,0x0000000790600000)
  from space 86016K, 77% used [0x0000000796680000,0x000000079a754878,0x000000079ba80000)
  to   space 98816K, 0% used [0x0000000790600000,0x0000000790600000,0x0000000796680000)
 ParOldGen       total 350720K, used 234521K [0x00000006c0000000, 0x00000006d5680000, 0x000000076ab00000)
  object space 350720K, 66% used [0x00000006c0000000,0x00000006ce506510,0x00000006d5680000)
 Metaspace       used 71637K, capacity 73426K, committed 73880K, reserved 1114112K
  class space    used 9038K, capacity 9592K, committed 9640K, reserved 1048576K
}
Event: 58,015 GC heap before
{Heap before GC invocations=30 (full 5):
 PSYoungGen      total 703488K, used 683858K [0x000000076ab00000, 0x000000079e880000, 0x00000007c0000000)
  eden space 617472K, 100% used [0x000000076ab00000,0x0000000790600000,0x0000000790600000)
  from space 86016K, 77% used [0x0000000796680000,0x000000079a754878,0x000000079ba80000)
  to   space 98816K, 0% used [0x0000000790600000,0x0000000790600000,0x0000000796680000)
 ParOldGen       total 350720K, used 234521K [0x00000006c0000000, 0x00000006d5680000, 0x000000076ab00000)
  object space 350720K, 66% used [0x00000006c0000000,0x00000006ce506510,0x00000006d5680000)
 Metaspace       used 71843K, capacity 73618K, committed 73880K, reserved 1114112K
  class space    used 9040K, capacity 9592K, committed 9640K, reserved 1048576K
Event: 58,588 GC heap after
Heap after GC invocations=30 (full 5):
 PSYoungGen      total 716288K, used 89875K [0x000000076ab00000, 0x00000007a3e80000, 0x00000007c0000000)
  eden space 617472K, 0% used [0x000000076ab00000,0x000000076ab00000,0x0000000790600000)
  from space 98816K, 90% used [0x0000000790600000,0x0000000795dc4c70,0x0000000796680000)
  to   space 112128K, 0% used [0x000000079d100000,0x000000079d100000,0x00000007a3e80000)
 ParOldGen       total 350720K, used 287079K [0x00000006c0000000, 0x00000006d5680000, 0x000000076ab00000)
  object space 350720K, 81% used [0x00000006c0000000,0x00000006d1859f50,0x00000006d5680000)
 Metaspace       used 71843K, capacity 73618K, committed 73880K, reserved 1114112K
  class space    used 9040K, capacity 9592K, committed 9640K, reserved 1048576K
}
Event: 60,891 GC heap before
{Heap before GC invocations=31 (full 5):
 PSYoungGen      total 716288K, used 707347K [0x000000076ab00000, 0x00000007a3e80000, 0x00000007c0000000)
  eden space 617472K, 100% used [0x000000076ab00000,0x0000000790600000,0x0000000790600000)
  from space 98816K, 90% used [0x0000000790600000,0x0000000795dc4c70,0x0000000796680000)
  to   space 112128K, 0% used [0x000000079d100000,0x000000079d100000,0x00000007a3e80000)
 ParOldGen       total 350720K, used 287079K [0x00000006c0000000, 0x00000006d5680000, 0x000000076ab00000)
  object space 350720K, 81% used [0x00000006c0000000,0x00000006d1859f50,0x00000006d5680000)
 Metaspace       used 71967K, capacity 73746K, committed 73880K, reserved 1114112K
  class space    used 9041K, capacity 9592K, committed 9640K, reserved 1048576K
Event: 61,510 GC heap after
Heap after GC invocations=31 (full 5):
 PSYoungGen      total 818176K, used 81151K [0x000000076ab00000, 0x00000007a5c80000, 0x00000007c0000000)
  eden space 706048K, 0% used [0x000000076ab00000,0x000000076ab00000,0x0000000795c80000)
  from space 112128K, 72% used [0x000000079d100000,0x00000007a203fd50,0x00000007a3e80000)
  to   space 119296K, 0% used [0x0000000795c80000,0x0000000795c80000,0x000000079d100000)
 ParOldGen       total 369152K, used 368668K [0x00000006c0000000, 0x00000006d6880000, 0x000000076ab00000)
  object space 369152K, 99% used [0x00000006c0000000,0x00000006d6807048,0x00000006d6880000)
 Metaspace       used 71967K, capacity 73746K, committed 73880K, reserved 1114112K
  class space    used 9041K, capacity 9592K, committed 9640K, reserved 1048576K
}
Event: 61,510 GC heap before
{Heap before GC invocations=32 (full 6):
 PSYoungGen      total 818176K, used 81151K [0x000000076ab00000, 0x00000007a5c80000, 0x00000007c0000000)
  eden space 706048K, 0% used [0x000000076ab00000,0x000000076ab00000,0x0000000795c80000)
  from space 112128K, 72% used [0x000000079d100000,0x00000007a203fd50,0x00000007a3e80000)
  to   space 119296K, 0% used [0x0000000795c80000,0x0000000795c80000,0x000000079d100000)
 ParOldGen       total 369152K, used 368668K [0x00000006c0000000, 0x00000006d6880000, 0x000000076ab00000)
  object space 369152K, 99% used [0x00000006c0000000,0x00000006d6807048,0x00000006d6880000)
 Metaspace       used 71967K, capacity 73746K, committed 73880K, reserved 1114112K
  class space    used 9041K, capacity 9592K, committed 9640K, reserved 1048576K

