# JRE version: Java(TM) SE Runtime Environment (8.0_77-b03) (build 1.8.0_77-b03)
# Java VM: Java HotSpot(TM) 64-Bit Server VM (25.77-b03 mixed mode linux-amd64 compressed oops)
Heap:
 PSYoungGen      total 955392K, used 0K [0x000000076ab00000, 0x00000007b4b80000, 0x00000007c0000000)
  eden space 706560K, 0% used [0x000000076ab00000,0x000000076ab00000,0x0000000795d00000)
  from space 248832K, 0% used [0x00000007a5200000,0x00000007a5200000,0x00000007b4500000)
  to   space 250880K, 0% used [0x0000000795d00000,0x0000000795d00000,0x00000007a5200000)
 ParOldGen       total 339968K, used 329336K [0x00000006c0000000, 0x00000006d4c00000, 0x000000076ab00000)
  object space 339968K, 96% used [0x00000006c0000000,0x00000006d419e098,0x00000006d4c00000)
 Metaspace       used 69171K, capacity 71134K, committed 71296K, reserved 1112064K
  class space    used 8556K, capacity 9022K, committed 9088K, reserved 1048576K
GC Heap History (10 events):
Event: 158,313 GC heap after
Heap after GC invocations=32 (full 6):
 PSYoungGen      total 681472K, used 162284K [0x000000076ab00000, 0x00000007a5580000, 0x00000007c0000000)
  eden space 519168K, 0% used [0x000000076ab00000,0x000000076ab00000,0x000000078a600000)
  from space 162304K, 99% used [0x0000000796900000,0x00000007a077b0c8,0x00000007a0780000)
  to   space 199680K, 0% used [0x000000078a600000,0x000000078a600000,0x0000000796900000)
 ParOldGen       total 339968K, used 160241K [0x00000006c0000000, 0x00000006d4c00000, 0x000000076ab00000)
  object space 339968K, 47% used [0x00000006c0000000,0x00000006c9c7c5b0,0x00000006d4c00000)
 Metaspace       used 66963K, capacity 68660K, committed 68992K, reserved 1110016K
  class space    used 8345K, capacity 8772K, committed 8832K, reserved 1048576K
}
Event: 160,875 GC heap before
{Heap before GC invocations=33 (full 6):
 PSYoungGen      total 681472K, used 681452K [0x000000076ab00000, 0x00000007a5580000, 0x00000007c0000000)
  eden space 519168K, 100% used [0x000000076ab00000,0x000000078a600000,0x000000078a600000)
  from space 162304K, 99% used [0x0000000796900000,0x00000007a077b0c8,0x00000007a0780000)
  to   space 199680K, 0% used [0x000000078a600000,0x000000078a600000,0x0000000796900000)
 ParOldGen       total 339968K, used 160241K [0x00000006c0000000, 0x00000006d4c00000, 0x000000076ab00000)
  object space 339968K, 47% used [0x00000006c0000000,0x00000006c9c7c5b0,0x00000006d4c00000)
 Metaspace       used 66985K, capacity 68660K, committed 68992K, reserved 1110016K
  class space    used 8345K, capacity 8772K, committed 8832K, reserved 1048576K
Event: 161,267 GC heap after
Heap after GC invocations=33 (full 6):
 PSYoungGen      total 718848K, used 199663K [0x000000076ab00000, 0x00000007ad700000, 0x00000007c0000000)
  eden space 519168K, 0% used [0x000000076ab00000,0x000000076ab00000,0x000000078a600000)
  from space 199680K, 99% used [0x000000078a600000,0x00000007968fbdd8,0x0000000796900000)
  to   space 239104K, 0% used [0x000000079ed80000,0x000000079ed80000,0x00000007ad700000)
 ParOldGen       total 339968K, used 176075K [0x00000006c0000000, 0x00000006d4c00000, 0x000000076ab00000)
  object space 339968K, 51% used [0x00000006c0000000,0x00000006cabf2db8,0x00000006d4c00000)
 Metaspace       used 66985K, capacity 68660K, committed 68992K, reserved 1110016K
  class space    used 8345K, capacity 8772K, committed 8832K, reserved 1048576K
}
Event: 659,298 GC heap before
{Heap before GC invocations=34 (full 6):
 PSYoungGen      total 718848K, used 718831K [0x000000076ab00000, 0x00000007ad700000, 0x00000007c0000000)
  eden space 519168K, 100% used [0x000000076ab00000,0x000000078a600000,0x000000078a600000)
  from space 199680K, 99% used [0x000000078a600000,0x00000007968fbdd8,0x0000000796900000)
  to   space 239104K, 0% used [0x000000079ed80000,0x000000079ed80000,0x00000007ad700000)
 ParOldGen       total 339968K, used 176075K [0x00000006c0000000, 0x00000006d4c00000, 0x000000076ab00000)
  object space 339968K, 51% used [0x00000006c0000000,0x00000006cabf2db8,0x00000006d4c00000)
 Metaspace       used 69022K, capacity 70936K, committed 71040K, reserved 1112064K
  class space    used 8554K, capacity 9020K, committed 9088K, reserved 1048576K
Event: 662,398 GC heap after
Heap after GC invocations=34 (full 6):
 PSYoungGen      total 844288K, used 147489K [0x000000076ab00000, 0x00000007ad900000, 0x00000007c0000000)
  eden space 605184K, 0% used [0x000000076ab00000,0x000000076ab00000,0x000000078fa00000)
  from space 239104K, 61% used [0x000000079ed80000,0x00000007a7d88450,0x00000007ad700000)
  to   space 245248K, 0% used [0x000000078fa00000,0x000000078fa00000,0x000000079e980000)
 ParOldGen       total 339968K, used 251577K [0x00000006c0000000, 0x00000006d4c00000, 0x000000076ab00000)
  object space 339968K, 74% used [0x00000006c0000000,0x00000006cf5ae7f8,0x00000006d4c00000)
 Metaspace       used 69022K, capacity 70936K, committed 71040K, reserved 1112064K
  class space    used 8554K, capacity 9020K, committed 9088K, reserved 1048576K
}
Event: 670,846 GC heap before
{Heap before GC invocations=35 (full 6):
 PSYoungGen      total 844288K, used 752673K [0x000000076ab00000, 0x00000007ad900000, 0x00000007c0000000)
  eden space 605184K, 100% used [0x000000076ab00000,0x000000078fa00000,0x000000078fa00000)
  from space 239104K, 61% used [0x000000079ed80000,0x00000007a7d88450,0x00000007ad700000)
  to   space 245248K, 0% used [0x000000078fa00000,0x000000078fa00000,0x000000079e980000)
 ParOldGen       total 339968K, used 251577K [0x00000006c0000000, 0x00000006d4c00000, 0x000000076ab00000)
  object space 339968K, 74% used [0x00000006c0000000,0x00000006cf5ae7f8,0x00000006d4c00000)
 Metaspace       used 69089K, capacity 71006K, committed 71296K, reserved 1112064K
  class space    used 8555K, capacity 9021K, committed 9088K, reserved 1048576K
Event: 672,179 GC heap after
Heap after GC invocations=35 (full 6):
 PSYoungGen      total 850432K, used 146436K [0x000000076ab00000, 0x00000007b4500000, 0x00000007c0000000)
  eden space 605184K, 0% used [0x000000076ab00000,0x000000076ab00000,0x000000078fa00000)
  from space 245248K, 59% used [0x000000078fa00000,0x0000000798901030,0x000000079e980000)
  to   space 248832K, 0% used [0x00000007a5200000,0x00000007a5200000,0x00000007b4500000)
 ParOldGen       total 339968K, used 263272K [0x00000006c0000000, 0x00000006d4c00000, 0x000000076ab00000)
  object space 339968K, 77% used [0x00000006c0000000,0x00000006d011a158,0x00000006d4c00000)
 Metaspace       used 69089K, capacity 71006K, committed 71296K, reserved 1112064K
  class space    used 8555K, capacity 9021K, committed 9088K, reserved 1048576K
}
Event: 675,436 GC heap before
{Heap before GC invocations=36 (full 6):
 PSYoungGen      total 850432K, used 751620K [0x000000076ab00000, 0x00000007b4500000, 0x00000007c0000000)
  eden space 605184K, 100% used [0x000000076ab00000,0x000000078fa00000,0x000000078fa00000)
  from space 245248K, 59% used [0x000000078fa00000,0x0000000798901030,0x000000079e980000)
  to   space 248832K, 0% used [0x00000007a5200000,0x00000007a5200000,0x00000007b4500000)
 ParOldGen       total 339968K, used 263272K [0x00000006c0000000, 0x00000006d4c00000, 0x000000076ab00000)
  object space 339968K, 77% used [0x00000006c0000000,0x00000006d011a158,0x00000006d4c00000)
 Metaspace       used 69199K, capacity 71170K, committed 71296K, reserved 1112064K
  class space    used 8558K, capacity 9026K, committed 9088K, reserved 1048576K
Event: 675,961 GC heap after
Heap after GC invocations=36 (full 6):
 PSYoungGen      total 955392K, used 145663K [0x000000076ab00000, 0x00000007b4b80000, 0x00000007c0000000)
  eden space 706560K, 0% used [0x000000076ab00000,0x000000076ab00000,0x0000000795d00000)
  from space 248832K, 58% used [0x00000007a5200000,0x00000007ae03fc48,0x00000007b4500000)
  to   space 250880K, 0% used [0x0000000795d00000,0x0000000795d00000,0x00000007a5200000)
 ParOldGen       total 339968K, used 306848K [0x00000006c0000000, 0x00000006d4c00000, 0x000000076ab00000)
  object space 339968K, 90% used [0x00000006c0000000,0x00000006d2ba8168,0x00000006d4c00000)
 Metaspace       used 69199K, capacity 71170K, committed 71296K, reserved 1112064K
  class space    used 8558K, capacity 9026K, committed 9088K, reserved 1048576K
}
Event: 675,961 GC heap before
{Heap before GC invocations=37 (full 7):
 PSYoungGen      total 955392K, used 145663K [0x000000076ab00000, 0x00000007b4b80000, 0x00000007c0000000)
  eden space 706560K, 0% used [0x000000076ab00000,0x000000076ab00000,0x0000000795d00000)
  from space 248832K, 58% used [0x00000007a5200000,0x00000007ae03fc48,0x00000007b4500000)
  to   space 250880K, 0% used [0x0000000795d00000,0x0000000795d00000,0x00000007a5200000)
 ParOldGen       total 339968K, used 306848K [0x00000006c0000000, 0x00000006d4c00000, 0x000000076ab00000)
  object space 339968K, 90% used [0x00000006c0000000,0x00000006d2ba8168,0x00000006d4c00000)
 Metaspace       used 69199K, capacity 71170K, committed 71296K, reserved 1112064K
  class space    used 8558K, capacity 9026K, committed 9088K, reserved 1048576K

