# JRE version: Java(TM) SE Runtime Environment (8.0_77-b03) (build 1.8.0_77-b03)
# Java VM: Java HotSpot(TM) 64-Bit Server VM (25.77-b03 mixed mode linux-amd64 compressed oops)
Heap:
 PSYoungGen      total 1150464K, used 43233K [0x000000076ab00000, 0x00000007c0000000, 0x00000007c0000000)
  eden space 1001472K, 4% used [0x000000076ab00000,0x000000076d5385b8,0x00000007a7d00000)
  from space 148992K, 0% used [0x00000007a7d00000,0x00000007a7d00000,0x00000007b0e80000)
  to   space 209408K, 0% used [0x00000007b3380000,0x00000007b3380000,0x00000007c0000000)
 ParOldGen       total 860160K, used 860063K [0x00000006c0000000, 0x00000006f4800000, 0x000000076ab00000)
  object space 860160K, 99% used [0x00000006c0000000,0x00000006f47e7f98,0x00000006f4800000)
 Metaspace       used 98301K, capacity 103968K, committed 104152K, reserved 1140736K
  class space    used 12039K, capacity 13205K, committed 13272K, reserved 1048576K
GC Heap History (10 events):
Event: 4585,108 GC heap after
Heap after GC invocations=77 (full 19):
 PSYoungGen      total 1176064K, used 91966K [0x000000076ab00000, 0x00000007be980000, 0x00000007c0000000)
  eden space 1012224K, 0% used [0x000000076ab00000,0x000000076ab00000,0x00000007a8780000)
  from space 163840K, 56% used [0x00000007b4980000,0x00000007ba34fb78,0x00000007be980000)
  to   space 181248K, 0% used [0x00000007a8780000,0x00000007a8780000,0x00000007b3880000)
 ParOldGen       total 860160K, used 686152K [0x00000006c0000000, 0x00000006f4800000, 0x000000076ab00000)
  object space 860160K, 79% used [0x00000006c0000000,0x00000006e9e12328,0x00000006f4800000)
 Metaspace       used 95020K, capacity 100370K, committed 100696K, reserved 1136640K
  class space    used 11650K, capacity 12760K, committed 12888K, reserved 1048576K
}
Event: 4659,450 GC heap before
{Heap before GC invocations=78 (full 19):
 PSYoungGen      total 1176064K, used 1104190K [0x000000076ab00000, 0x00000007be980000, 0x00000007c0000000)
  eden space 1012224K, 100% used [0x000000076ab00000,0x00000007a8780000,0x00000007a8780000)
  from space 163840K, 56% used [0x00000007b4980000,0x00000007ba34fb78,0x00000007be980000)
  to   space 181248K, 0% used [0x00000007a8780000,0x00000007a8780000,0x00000007b3880000)
 ParOldGen       total 860160K, used 686152K [0x00000006c0000000, 0x00000006f4800000, 0x000000076ab00000)
  object space 860160K, 79% used [0x00000006c0000000,0x00000006e9e12328,0x00000006f4800000)
 Metaspace       used 95079K, capacity 100534K, committed 100696K, reserved 1136640K
  class space    used 11659K, capacity 12770K, committed 12888K, reserved 1048576K
Event: 4661,120 GC heap after
Heap after GC invocations=78 (full 19):
 PSYoungGen      total 1193472K, used 89476K [0x000000076ab00000, 0x00000007c0000000, 0x00000007c0000000)
  eden space 1012224K, 0% used [0x000000076ab00000,0x000000076ab00000,0x00000007a8780000)
  from space 181248K, 49% used [0x00000007a8780000,0x00000007adee1348,0x00000007b3880000)
  to   space 175104K, 0% used [0x00000007b5500000,0x00000007b5500000,0x00000007c0000000)
 ParOldGen       total 860160K, used 686152K [0x00000006c0000000, 0x00000006f4800000, 0x000000076ab00000)
  object space 860160K, 79% used [0x00000006c0000000,0x00000006e9e12328,0x00000006f4800000)
 Metaspace       used 95079K, capacity 100534K, committed 100696K, reserved 1136640K
  class space    used 11659K, capacity 12770K, committed 12888K, reserved 1048576K
}
Event: 4683,128 GC heap before
{Heap before GC invocations=79 (full 19):
 PSYoungGen      total 1193472K, used 1101700K [0x000000076ab00000, 0x00000007c0000000, 0x00000007c0000000)
  eden space 1012224K, 100% used [0x000000076ab00000,0x00000007a8780000,0x00000007a8780000)
  from space 181248K, 49% used [0x00000007a8780000,0x00000007adee1348,0x00000007b3880000)
  to   space 175104K, 0% used [0x00000007b5500000,0x00000007b5500000,0x00000007c0000000)
 ParOldGen       total 860160K, used 686152K [0x00000006c0000000, 0x00000006f4800000, 0x000000076ab00000)
  object space 860160K, 79% used [0x00000006c0000000,0x00000006e9e12328,0x00000006f4800000)
 Metaspace       used 96644K, capacity 102136K, committed 102488K, reserved 1138688K
  class space    used 11842K, capacity 12977K, committed 13144K, reserved 1048576K
Event: 4684,113 GC heap after
Heap after GC invocations=79 (full 19):
 PSYoungGen      total 1176576K, used 167353K [0x000000076ab00000, 0x00000007c0000000, 0x00000007c0000000)
  eden space 1001472K, 0% used [0x000000076ab00000,0x000000076ab00000,0x00000007a7d00000)
  from space 175104K, 95% used [0x00000007b5500000,0x00000007bf86e788,0x00000007c0000000)
  to   space 198144K, 0% used [0x00000007a7d00000,0x00000007a7d00000,0x00000007b3e80000)
 ParOldGen       total 860160K, used 686160K [0x00000006c0000000, 0x00000006f4800000, 0x000000076ab00000)
  object space 860160K, 79% used [0x00000006c0000000,0x00000006e9e14328,0x00000006f4800000)
 Metaspace       used 96644K, capacity 102136K, committed 102488K, reserved 1138688K
  class space    used 11842K, capacity 12977K, committed 13144K, reserved 1048576K
}
Event: 4688,744 GC heap before
{Heap before GC invocations=80 (full 19):
 PSYoungGen      total 1176576K, used 975044K [0x000000076ab00000, 0x00000007c0000000, 0x00000007c0000000)
  eden space 1001472K, 80% used [0x000000076ab00000,0x000000079bfc2a38,0x00000007a7d00000)
  from space 175104K, 95% used [0x00000007b5500000,0x00000007bf86e788,0x00000007c0000000)
  to   space 198144K, 0% used [0x00000007a7d00000,0x00000007a7d00000,0x00000007b3e80000)
 ParOldGen       total 860160K, used 686160K [0x00000006c0000000, 0x00000006f4800000, 0x000000076ab00000)
  object space 860160K, 79% used [0x00000006c0000000,0x00000006e9e14328,0x00000006f4800000)
 Metaspace       used 96650K, capacity 102148K, committed 102488K, reserved 1138688K
  class space    used 11843K, capacity 12979K, committed 13144K, reserved 1048576K
Event: 4689,722 GC heap after
Heap after GC invocations=80 (full 19):
 PSYoungGen      total 1150464K, used 148808K [0x000000076ab00000, 0x00000007c0000000, 0x00000007c0000000)
  eden space 1001472K, 0% used [0x000000076ab00000,0x000000076ab00000,0x00000007a7d00000)
  from space 148992K, 99% used [0x00000007a7d00000,0x00000007b0e52010,0x00000007b0e80000)
  to   space 209408K, 0% used [0x00000007b3380000,0x00000007b3380000,0x00000007c0000000)
 ParOldGen       total 860160K, used 686168K [0x00000006c0000000, 0x00000006f4800000, 0x000000076ab00000)
  object space 860160K, 79% used [0x00000006c0000000,0x00000006e9e16328,0x00000006f4800000)
 Metaspace       used 96650K, capacity 102148K, committed 102488K, reserved 1138688K
  class space    used 11843K, capacity 12979K, committed 13144K, reserved 1048576K
}
Event: 4689,722 GC heap before
{Heap before GC invocations=81 (full 20):
 PSYoungGen      total 1150464K, used 148808K [0x000000076ab00000, 0x00000007c0000000, 0x00000007c0000000)
  eden space 1001472K, 0% used [0x000000076ab00000,0x000000076ab00000,0x00000007a7d00000)
  from space 148992K, 99% used [0x00000007a7d00000,0x00000007b0e52010,0x00000007b0e80000)
  to   space 209408K, 0% used [0x00000007b3380000,0x00000007b3380000,0x00000007c0000000)
 ParOldGen       total 860160K, used 686168K [0x00000006c0000000, 0x00000006f4800000, 0x000000076ab00000)
  object space 860160K, 79% used [0x00000006c0000000,0x00000006e9e16328,0x00000006f4800000)
 Metaspace       used 96650K, capacity 102148K, committed 102488K, reserved 1138688K
  class space    used 11843K, capacity 12979K, committed 13144K, reserved 1048576K
Event: 4698,856 GC heap after
Heap after GC invocations=81 (full 20):
 PSYoungGen      total 1150464K, used 0K [0x000000076ab00000, 0x00000007c0000000, 0x00000007c0000000)
  eden space 1001472K, 0% used [0x000000076ab00000,0x000000076ab00000,0x00000007a7d00000)
  from space 148992K, 0% used [0x00000007a7d00000,0x00000007a7d00000,0x00000007b0e80000)
  to   space 209408K, 0% used [0x00000007b3380000,0x00000007b3380000,0x00000007c0000000)
 ParOldGen       total 860160K, used 820845K [0x00000006c0000000, 0x00000006f4800000, 0x000000076ab00000)
  object space 860160K, 95% used [0x00000006c0000000,0x00000006f219b510,0x00000006f4800000)
 Metaspace       used 96650K, capacity 102148K, committed 102488K, reserved 1138688K
  class space    used 11843K, capacity 12979K, committed 13144K, reserved 1048576K
}
Event: 4812,560 GC heap before
{Heap before GC invocations=82 (full 21):
 PSYoungGen      total 1150464K, used 1001472K [0x000000076ab00000, 0x00000007c0000000, 0x00000007c0000000)
  eden space 1001472K, 100% used [0x000000076ab00000,0x00000007a7d00000,0x00000007a7d00000)
  from space 148992K, 0% used [0x00000007a7d00000,0x00000007a7d00000,0x00000007b0e80000)
  to   space 209408K, 0% used [0x00000007b3380000,0x00000007b3380000,0x00000007c0000000)
 ParOldGen       total 860160K, used 820845K [0x00000006c0000000, 0x00000006f4800000, 0x000000076ab00000)
  object space 860160K, 95% used [0x00000006c0000000,0x00000006f219b510,0x00000006f4800000)
 Metaspace       used 98301K, capacity 103968K, committed 104152K, reserved 1140736K
  class space    used 12039K, capacity 13205K, committed 13272K, reserved 1048576K

