# JRE version: Java(TM) SE Runtime Environment (8.0_77-b03) (build 1.8.0_77-b03)
# Java VM: Java HotSpot(TM) 64-Bit Server VM (25.77-b03 mixed mode linux-amd64 compressed oops)
Heap:
 PSYoungGen      total 760832K, used 175614K [0x000000076ab00000, 0x00000007a7300000, 0x00000007c0000000)
  eden space 585216K, 0% used [0x000000076ab00000,0x000000076ab00000,0x000000078e680000)
  from space 175616K, 99% used [0x000000079c780000,0x00000007a72ff920,0x00000007a7300000)
  to   space 154112K, 0% used [0x000000078e680000,0x000000078e680000,0x0000000797d00000)
 ParOldGen       total 617472K, used 484360K [0x00000006c0000000, 0x00000006e5b00000, 0x000000076ab00000)
  object space 617472K, 78% used [0x00000006c0000000,0x00000006dd902380,0x00000006e5b00000)
 Metaspace       used 72453K, capacity 74194K, committed 74456K, reserved 1114112K
  class space    used 9054K, capacity 9592K, committed 9728K, reserved 1048576K
GC Heap History (10 events):
Event: 117,168 GC heap after
Heap after GC invocations=38 (full 6):
 PSYoungGen      total 660480K, used 59914K [0x000000076ab00000, 0x000000079f800000, 0x00000007c0000000)
  eden space 532480K, 0% used [0x000000076ab00000,0x000000076ab00000,0x000000078b300000)
  from space 128000K, 46% used [0x0000000797b00000,0x000000079b582860,0x000000079f800000)
  to   space 166400K, 0% used [0x000000078b300000,0x000000078b300000,0x0000000795580000)
 ParOldGen       total 499200K, used 406671K [0x00000006c0000000, 0x00000006de780000, 0x000000076ab00000)
  object space 499200K, 81% used [0x00000006c0000000,0x00000006d8d23e30,0x00000006de780000)
 Metaspace       used 72321K, capacity 74130K, committed 74456K, reserved 1114112K
  class space    used 9052K, capacity 9592K, committed 9728K, reserved 1048576K
}
Event: 120,109 GC heap before
{Heap before GC invocations=39 (full 6):
 PSYoungGen      total 660480K, used 592394K [0x000000076ab00000, 0x000000079f800000, 0x00000007c0000000)
  eden space 532480K, 100% used [0x000000076ab00000,0x000000078b300000,0x000000078b300000)
  from space 128000K, 46% used [0x0000000797b00000,0x000000079b582860,0x000000079f800000)
  to   space 166400K, 0% used [0x000000078b300000,0x000000078b300000,0x0000000795580000)
 ParOldGen       total 499200K, used 406671K [0x00000006c0000000, 0x00000006de780000, 0x000000076ab00000)
  object space 499200K, 81% used [0x00000006c0000000,0x00000006d8d23e30,0x00000006de780000)
 Metaspace       used 72428K, capacity 74194K, committed 74456K, reserved 1114112K
  class space    used 9054K, capacity 9592K, committed 9728K, reserved 1048576K
Event: 120,740 GC heap after
Heap after GC invocations=39 (full 6):
 PSYoungGen      total 698880K, used 83088K [0x000000076ab00000, 0x00000007a3480000, 0x00000007c0000000)
  eden space 532480K, 0% used [0x000000076ab00000,0x000000076ab00000,0x000000078b300000)
  from space 166400K, 49% used [0x000000078b300000,0x00000007904241f8,0x0000000795580000)
  to   space 162816K, 0% used [0x0000000799580000,0x0000000799580000,0x00000007a3480000)
 ParOldGen       total 499200K, used 465903K [0x00000006c0000000, 0x00000006de780000, 0x000000076ab00000)
  object space 499200K, 93% used [0x00000006c0000000,0x00000006dc6fbf48,0x00000006de780000)
 Metaspace       used 72428K, capacity 74194K, committed 74456K, reserved 1114112K
  class space    used 9054K, capacity 9592K, committed 9728K, reserved 1048576K
}
Event: 120,740 GC heap before
{Heap before GC invocations=40 (full 7):
 PSYoungGen      total 698880K, used 83088K [0x000000076ab00000, 0x00000007a3480000, 0x00000007c0000000)
  eden space 532480K, 0% used [0x000000076ab00000,0x000000076ab00000,0x000000078b300000)
  from space 166400K, 49% used [0x000000078b300000,0x00000007904241f8,0x0000000795580000)
  to   space 162816K, 0% used [0x0000000799580000,0x0000000799580000,0x00000007a3480000)
 ParOldGen       total 499200K, used 465903K [0x00000006c0000000, 0x00000006de780000, 0x000000076ab00000)
  object space 499200K, 93% used [0x00000006c0000000,0x00000006dc6fbf48,0x00000006de780000)
 Metaspace       used 72428K, capacity 74194K, committed 74456K, reserved 1114112K
  class space    used 9054K, capacity 9592K, committed 9728K, reserved 1048576K
Event: 123,509 GC heap after
Heap after GC invocations=40 (full 7):
 PSYoungGen      total 698880K, used 0K [0x000000076ab00000, 0x00000007a3480000, 0x00000007c0000000)
  eden space 532480K, 0% used [0x000000076ab00000,0x000000076ab00000,0x000000078b300000)
  from space 166400K, 0% used [0x000000078b300000,0x000000078b300000,0x0000000795580000)
  to   space 162816K, 0% used [0x0000000799580000,0x0000000799580000,0x00000007a3480000)
 ParOldGen       total 617472K, used 427427K [0x00000006c0000000, 0x00000006e5b00000, 0x000000076ab00000)
  object space 617472K, 69% used [0x00000006c0000000,0x00000006da168c98,0x00000006e5b00000)
 Metaspace       used 72428K, capacity 74194K, committed 74456K, reserved 1114112K
  class space    used 9054K, capacity 9592K, committed 9728K, reserved 1048576K
}
Event: 126,642 GC heap before
{Heap before GC invocations=41 (full 7):
 PSYoungGen      total 698880K, used 532480K [0x000000076ab00000, 0x00000007a3480000, 0x00000007c0000000)
  eden space 532480K, 100% used [0x000000076ab00000,0x000000078b300000,0x000000078b300000)
  from space 166400K, 0% used [0x000000078b300000,0x000000078b300000,0x0000000795580000)
  to   space 162816K, 0% used [0x0000000799580000,0x0000000799580000,0x00000007a3480000)
 ParOldGen       total 617472K, used 427427K [0x00000006c0000000, 0x00000006e5b00000, 0x000000076ab00000)
  object space 617472K, 69% used [0x00000006c0000000,0x00000006da168c98,0x00000006e5b00000)
 Metaspace       used 72442K, capacity 74194K, committed 74456K, reserved 1114112K
  class space    used 9054K, capacity 9592K, committed 9728K, reserved 1048576K
Event: 126,827 GC heap after
Heap after GC invocations=41 (full 7):
 PSYoungGen      total 714240K, used 69867K [0x000000076ab00000, 0x00000007a1380000, 0x00000007c0000000)
  eden space 585216K, 0% used [0x000000076ab00000,0x000000076ab00000,0x000000078e680000)
  from space 129024K, 54% used [0x0000000799580000,0x000000079d9baea0,0x00000007a1380000)
  to   space 154112K, 0% used [0x000000078e680000,0x000000078e680000,0x0000000797d00000)
 ParOldGen       total 617472K, used 427435K [0x00000006c0000000, 0x00000006e5b00000, 0x000000076ab00000)
  object space 617472K, 69% used [0x00000006c0000000,0x00000006da16ac98,0x00000006e5b00000)
 Metaspace       used 72442K, capacity 74194K, committed 74456K, reserved 1114112K
  class space    used 9054K, capacity 9592K, committed 9728K, reserved 1048576K
}
Event: 130,799 GC heap before
{Heap before GC invocations=42 (full 7):
 PSYoungGen      total 714240K, used 655083K [0x000000076ab00000, 0x00000007a1380000, 0x00000007c0000000)
  eden space 585216K, 100% used [0x000000076ab00000,0x000000078e680000,0x000000078e680000)
  from space 129024K, 54% used [0x0000000799580000,0x000000079d9baea0,0x00000007a1380000)
  to   space 154112K, 0% used [0x000000078e680000,0x000000078e680000,0x0000000797d00000)
 ParOldGen       total 617472K, used 427435K [0x00000006c0000000, 0x00000006e5b00000, 0x000000076ab00000)
  object space 617472K, 69% used [0x00000006c0000000,0x00000006da16ac98,0x00000006e5b00000)
 Metaspace       used 72450K, capacity 74194K, committed 74456K, reserved 1114112K
  class space    used 9054K, capacity 9592K, committed 9728K, reserved 1048576K
Event: 131,102 GC heap after
Heap after GC invocations=42 (full 7):
 PSYoungGen      total 739328K, used 149987K [0x000000076ab00000, 0x00000007a7300000, 0x00000007c0000000)
  eden space 585216K, 0% used [0x000000076ab00000,0x000000076ab00000,0x000000078e680000)
  from space 154112K, 97% used [0x000000078e680000,0x00000007978f8fd0,0x0000000797d00000)
  to   space 175616K, 0% used [0x000000079c780000,0x000000079c780000,0x00000007a7300000)
 ParOldGen       total 617472K, used 427443K [0x00000006c0000000, 0x00000006e5b00000, 0x000000076ab00000)
  object space 617472K, 69% used [0x00000006c0000000,0x00000006da16cc98,0x00000006e5b00000)
 Metaspace       used 72450K, capacity 74194K, committed 74456K, reserved 1114112K
  class space    used 9054K, capacity 9592K, committed 9728K, reserved 1048576K
}
Event: 134,432 GC heap before
{Heap before GC invocations=43 (full 7):
 PSYoungGen      total 739328K, used 735203K [0x000000076ab00000, 0x00000007a7300000, 0x00000007c0000000)
  eden space 585216K, 100% used [0x000000076ab00000,0x000000078e680000,0x000000078e680000)
  from space 154112K, 97% used [0x000000078e680000,0x00000007978f8fd0,0x0000000797d00000)
  to   space 175616K, 0% used [0x000000079c780000,0x000000079c780000,0x00000007a7300000)
 ParOldGen       total 617472K, used 427443K [0x00000006c0000000, 0x00000006e5b00000, 0x000000076ab00000)
  object space 617472K, 69% used [0x00000006c0000000,0x00000006da16cc98,0x00000006e5b00000)
 Metaspace       used 72453K, capacity 74194K, committed 74456K, reserved 1114112K
  class space    used 9054K, capacity 9592K, committed 9728K, reserved 1048576K

