# JRE version: Java(TM) SE Runtime Environment (8.0_77-b03) (build 1.8.0_77-b03)
# Java VM: Java HotSpot(TM) 64-Bit Server VM (25.77-b03 mixed mode linux-amd64 compressed oops)
Heap:
 PSYoungGen      total 851456K, used 182761K [0x000000076ab00000, 0x00000007c0000000, 0x00000007c0000000)
  eden space 566272K, 0% used [0x000000076ab00000,0x000000076ab00000,0x000000078d400000)
  from space 285184K, 64% used [0x00000007ae980000,0x00000007b9bfa780,0x00000007c0000000)
  to   space 415744K, 0% used [0x000000078d400000,0x000000078d400000,0x00000007a6a00000)
 ParOldGen       total 655360K, used 654998K [0x00000006c0000000, 0x00000006e8000000, 0x000000076ab00000)
  object space 655360K, 99% used [0x00000006c0000000,0x00000006e7fa5ac0,0x00000006e8000000)
 Metaspace       used 82415K, capacity 85572K, committed 86144K, reserved 1124352K
  class space    used 10054K, capacity 10826K, committed 10880K, reserved 1048576K
GC Heap History (10 events):
Event: 2166,880 GC heap after
Heap after GC invocations=60 (full 12):
 PSYoungGen      total 1154560K, used 181736K [0x000000076ab00000, 0x00000007c0000000, 0x00000007c0000000)
  eden space 972800K, 0% used [0x000000076ab00000,0x000000076ab00000,0x00000007a6100000)
  from space 181760K, 99% used [0x00000007b4100000,0x00000007bf27a360,0x00000007bf280000)
  to   space 212480K, 0% used [0x00000007a6100000,0x00000007a6100000,0x00000007b3080000)
 ParOldGen       total 637952K, used 436264K [0x00000006c0000000, 0x00000006e6f00000, 0x000000076ab00000)
  object space 637952K, 68% used [0x00000006c0000000,0x00000006daa0a138,0x00000006e6f00000)
 Metaspace       used 82800K, capacity 86012K, committed 86144K, reserved 1124352K
  class space    used 10082K, capacity 10866K, committed 10880K, reserved 1048576K
}
Event: 2173,206 GC heap before
{Heap before GC invocations=61 (full 12):
 PSYoungGen      total 1154560K, used 1154536K [0x000000076ab00000, 0x00000007c0000000, 0x00000007c0000000)
  eden space 972800K, 100% used [0x000000076ab00000,0x00000007a6100000,0x00000007a6100000)
  from space 181760K, 99% used [0x00000007b4100000,0x00000007bf27a360,0x00000007bf280000)
  to   space 212480K, 0% used [0x00000007a6100000,0x00000007a6100000,0x00000007b3080000)
 ParOldGen       total 637952K, used 436264K [0x00000006c0000000, 0x00000006e6f00000, 0x000000076ab00000)
  object space 637952K, 68% used [0x00000006c0000000,0x00000006daa0a138,0x00000006e6f00000)
 Metaspace       used 82802K, capacity 86012K, committed 86144K, reserved 1124352K
  class space    used 10082K, capacity 10866K, committed 10880K, reserved 1048576K
Event: 2173,942 GC heap after
Heap after GC invocations=61 (full 12):
 PSYoungGen      total 1185280K, used 212470K [0x000000076ab00000, 0x00000007c0000000, 0x00000007c0000000)
  eden space 972800K, 0% used [0x000000076ab00000,0x000000076ab00000,0x00000007a6100000)
  from space 212480K, 99% used [0x00000007a6100000,0x00000007b307d868,0x00000007b3080000)
  to   space 212480K, 0% used [0x00000007b3080000,0x00000007b3080000,0x00000007c0000000)
 ParOldGen       total 637952K, used 446415K [0x00000006c0000000, 0x00000006e6f00000, 0x000000076ab00000)
  object space 637952K, 69% used [0x00000006c0000000,0x00000006db3f3c60,0x00000006e6f00000)
 Metaspace       used 82802K, capacity 86012K, committed 86144K, reserved 1124352K
  class space    used 10082K, capacity 10866K, committed 10880K, reserved 1048576K
}
Event: 2180,444 GC heap before
{Heap before GC invocations=62 (full 12):
 PSYoungGen      total 1185280K, used 1185270K [0x000000076ab00000, 0x00000007c0000000, 0x00000007c0000000)
  eden space 972800K, 100% used [0x000000076ab00000,0x00000007a6100000,0x00000007a6100000)
  from space 212480K, 99% used [0x00000007a6100000,0x00000007b307d868,0x00000007b3080000)
  to   space 212480K, 0% used [0x00000007b3080000,0x00000007b3080000,0x00000007c0000000)
 ParOldGen       total 637952K, used 446415K [0x00000006c0000000, 0x00000006e6f00000, 0x000000076ab00000)
  object space 637952K, 69% used [0x00000006c0000000,0x00000006db3f3c60,0x00000006e6f00000)
 Metaspace       used 82802K, capacity 86012K, committed 86144K, reserved 1124352K
  class space    used 10082K, capacity 10866K, committed 10880K, reserved 1048576K
Event: 2181,270 GC heap after
Heap after GC invocations=62 (full 12):
 PSYoungGen      total 1039872K, used 212475K [0x000000076ab00000, 0x00000007c0000000, 0x00000007c0000000)
  eden space 827392K, 0% used [0x000000076ab00000,0x000000076ab00000,0x000000079d300000)
  from space 212480K, 99% used [0x00000007b3080000,0x00000007bfffeef0,0x00000007c0000000)
  to   space 285184K, 0% used [0x000000079d300000,0x000000079d300000,0x00000007ae980000)
 ParOldGen       total 637952K, used 495640K [0x00000006c0000000, 0x00000006e6f00000, 0x000000076ab00000)
  object space 637952K, 77% used [0x00000006c0000000,0x00000006de4060d8,0x00000006e6f00000)
 Metaspace       used 82802K, capacity 86012K, committed 86144K, reserved 1124352K
  class space    used 10082K, capacity 10866K, committed 10880K, reserved 1048576K
}
Event: 2186,960 GC heap before
{Heap before GC invocations=63 (full 12):
 PSYoungGen      total 1039872K, used 1039867K [0x000000076ab00000, 0x00000007c0000000, 0x00000007c0000000)
  eden space 827392K, 100% used [0x000000076ab00000,0x000000079d300000,0x000000079d300000)
  from space 212480K, 99% used [0x00000007b3080000,0x00000007bfffeef0,0x00000007c0000000)
  to   space 285184K, 0% used [0x000000079d300000,0x000000079d300000,0x00000007ae980000)
 ParOldGen       total 637952K, used 495640K [0x00000006c0000000, 0x00000006e6f00000, 0x000000076ab00000)
  object space 637952K, 77% used [0x00000006c0000000,0x00000006de4060d8,0x00000006e6f00000)
 Metaspace       used 82803K, capacity 86012K, committed 86144K, reserved 1124352K
  class space    used 10082K, capacity 10866K, committed 10880K, reserved 1048576K
Event: 2188,006 GC heap after
Heap after GC invocations=63 (full 12):
 PSYoungGen      total 1112576K, used 285171K [0x000000076ab00000, 0x00000007c0000000, 0x00000007c0000000)
  eden space 827392K, 0% used [0x000000076ab00000,0x000000076ab00000,0x000000079d300000)
  from space 285184K, 99% used [0x000000079d300000,0x00000007ae97cf90,0x00000007ae980000)
  to   space 285184K, 0% used [0x00000007ae980000,0x00000007ae980000,0x00000007c0000000)
 ParOldGen       total 637952K, used 536737K [0x00000006c0000000, 0x00000006e6f00000, 0x000000076ab00000)
  object space 637952K, 84% used [0x00000006c0000000,0x00000006e0c28740,0x00000006e6f00000)
 Metaspace       used 82803K, capacity 86012K, committed 86144K, reserved 1124352K
  class space    used 10082K, capacity 10866K, committed 10880K, reserved 1048576K
}
Event: 2191,607 GC heap before
{Heap before GC invocations=64 (full 12):
 PSYoungGen      total 1112576K, used 1112563K [0x000000076ab00000, 0x00000007c0000000, 0x00000007c0000000)
  eden space 827392K, 100% used [0x000000076ab00000,0x000000079d300000,0x000000079d300000)
  from space 285184K, 99% used [0x000000079d300000,0x00000007ae97cf90,0x00000007ae980000)
  to   space 285184K, 0% used [0x00000007ae980000,0x00000007ae980000,0x00000007c0000000)
 ParOldGen       total 637952K, used 536737K [0x00000006c0000000, 0x00000006e6f00000, 0x000000076ab00000)
  object space 637952K, 84% used [0x00000006c0000000,0x00000006e0c28740,0x00000006e6f00000)
 Metaspace       used 82803K, capacity 86012K, committed 86144K, reserved 1124352K
  class space    used 10082K, capacity 10866K, committed 10880K, reserved 1048576K
Event: 2192,573 GC heap after
Heap after GC invocations=64 (full 12):
 PSYoungGen      total 851456K, used 285162K [0x000000076ab00000, 0x00000007c0000000, 0x00000007c0000000)
  eden space 566272K, 0% used [0x000000076ab00000,0x000000076ab00000,0x000000078d400000)
  from space 285184K, 99% used [0x00000007ae980000,0x00000007bfffa988,0x00000007c0000000)
  to   space 415744K, 0% used [0x000000078d400000,0x000000078d400000,0x00000007a6a00000)
 ParOldGen       total 655360K, used 654988K [0x00000006c0000000, 0x00000006e8000000, 0x000000076ab00000)
  object space 655360K, 99% used [0x00000006c0000000,0x00000006e7fa3398,0x00000006e8000000)
 Metaspace       used 82803K, capacity 86012K, committed 86144K, reserved 1124352K
  class space    used 10082K, capacity 10866K, committed 10880K, reserved 1048576K
}
Event: 2192,574 GC heap before
{Heap before GC invocations=65 (full 13):
 PSYoungGen      total 851456K, used 285162K [0x000000076ab00000, 0x00000007c0000000, 0x00000007c0000000)
  eden space 566272K, 0% used [0x000000076ab00000,0x000000076ab00000,0x000000078d400000)
  from space 285184K, 99% used [0x00000007ae980000,0x00000007bfffa988,0x00000007c0000000)
  to   space 415744K, 0% used [0x000000078d400000,0x000000078d400000,0x00000007a6a00000)
 ParOldGen       total 655360K, used 654988K [0x00000006c0000000, 0x00000006e8000000, 0x000000076ab00000)
  object space 655360K, 99% used [0x00000006c0000000,0x00000006e7fa3398,0x00000006e8000000)
 Metaspace       used 82803K, capacity 86012K, committed 86144K, reserved 1124352K
  class space    used 10082K, capacity 10866K, committed 10880K, reserved 1048576K

